Arguments: 
  /opt/homebrew/Cellar/node/18.0.0/bin/node /opt/homebrew/bin/yarn build

PATH: 
  /opt/homebrew/bin:/opt/homebrew/bin:/Users/kidustiliksew/google-cloud-sdk/bin:/usr/local/bin:/usr/bin:/bin:/usr/sbin:/sbin:/usr/local/go/bin:/Library/Apple/usr/bin:/Users/kidustiliksew/development/flutter/bin:/Users/kidustiliksew/go/bin

Yarn version: 
  1.22.18

Node version: 
  18.0.0

Platform: 
  darwin arm64

Trace: 
  SyntaxError: /Users/kidustiliksew/Desktop/work/emr/emr-2020/tensoremr-web-client/packages/models/package.json: Unexpected end of JSON input
      at JSON.parse (<anonymous>)
      at /opt/homebrew/lib/node_modules/yarn/lib/cli.js:1625:59
      at Generator.next (<anonymous>)
      at step (/opt/homebrew/lib/node_modules/yarn/lib/cli.js:310:30)
      at /opt/homebrew/lib/node_modules/yarn/lib/cli.js:321:13

npm manifest: 
  

yarn manifest: 
  No manifest

Lockfile: 
  No lockfile
