Arguments: 
  /opt/homebrew/Cellar/node/18.0.0/bin/node /opt/homebrew/bin/yarn build

PATH: 
  /opt/homebrew/bin:/opt/homebrew/bin:/Users/kidustiliksew/google-cloud-sdk/bin:/usr/local/bin:/usr/bin:/bin:/usr/sbin:/sbin:/usr/local/go/bin:/Library/Apple/usr/bin:/Users/kidustiliksew/development/flutter/bin:/Users/kidustiliksew/go/bin

Yarn version: 
  1.22.18

Node version: 
  18.0.0

Platform: 
  darwin arm64

Trace: 
  SyntaxError: /Users/kidustiliksew/Desktop/work/emr/emr-2020/tensoremr-web-client/packages/components/package.json: Unexpected token } in JSON at position 739
      at JSON.parse (<anonymous>)
      at /opt/homebrew/lib/node_modules/yarn/lib/cli.js:1625:59
      at Generator.next (<anonymous>)
      at step (/opt/homebrew/lib/node_modules/yarn/lib/cli.js:310:30)
      at /opt/homebrew/lib/node_modules/yarn/lib/cli.js:321:13

npm manifest: 
  {
    "name": "@tensoremr/components",
    "version": "0.1.0",
    "description": "",
    "keywords": [],
    "author": "Kidus Tiliksew <kidus@tensorsystems.net>",
    "license": "Apache-2.0",
    "main": "dist/cjs/index.js",
    "module": "dist/esm/index.js",
    "types": "dist/cjs/types/index.d.ts",
    "scripts": {
      "build": "rollup -c",
      "dev": "tsc -w"
    },
    "devDependencies": {
      "@rollup/plugin-commonjs": "^22.0.0",
      "@rollup/plugin-node-resolve": "^13.3.0",
      "@rollup/plugin-typescript": "^8.3.2",
      "@types/react": "^17.0.15",
      "react": "^17.0.2",
      "rollup": "^2.73.0",
      "rollup-plugin-dts": "^4.2.1",
      "rollup-plugin-peer-deps-external": "^2.2.4",
      "rollup-plugin-terser": "^7.0.2",
      "typescript": "^4.3.5",
    }
  }

yarn manifest: 
  No manifest

Lockfile: 
  No lockfile
